2025-12-23T09:26:56.531Z INFO Is remote: false
2025-12-23T09:26:56.531Z INFO Starting Local. Installation path: undefined
2025-12-23T09:26:56.532Z INFO [MainProvider] Creating new MainProvider instance...
2025-12-23T09:26:56.533Z INFO [TabsManager] Code view listener set up at initialization
2025-12-23T09:26:56.533Z INFO Installation path exists: d:\5th sem\Main_EL\Main_EL_code\frontend
2025-12-23T09:26:56.534Z INFO Initializing database with URL: file:C:\Users\yasha\AppData\Local\Temp\pythagora-temp\pythagora.db
2025-12-23T09:26:56.536Z INFO Database file exists, skipping prisma generate/push for faster startup
2025-12-23T09:26:56.536Z INFO Database initialized successfully
2025-12-23T09:26:56.537Z INFO [Migration] Checking for database migration...
2025-12-23T09:26:56.595Z INFO [Migration] No migration needed
2025-12-23T09:27:06.710Z INFO [TabsManager] First file opened, triggering split view
2025-12-23T09:27:06.711Z INFO [MainProvider] First file opened, creating split view
2025-12-23T09:27:49.335Z INFO Closing entire Pythagora extension...
2025-12-23T09:27:49.338Z ERROR Error closing extension
Error: Canceled
Stack: Canceled: Canceled
	at new wU (file:///c:/Users/yasha/AppData/Local/Programs/Microsoft%20VS%20Code/resources/app/out/vs/workbench/api/node/extensionHostProcess.js:29:120470)
	at l5.U (file:///c:/Users/yasha/AppData/Local/Programs/Microsoft%20VS%20Code/resources/app/out/vs/workbench/api/node/extensionHostProcess.js:29:125080)
	at s.<computed>.n.charCodeAt.s.<computed> (file:///c:/Users/yasha/AppData/Local/Programs/Microsoft%20VS%20Code/resources/app/out/vs/workbench/api/node/extensionHostProcess.js:29:122574)
	at cA.g (file:///c:/Users/yasha/AppData/Local/Programs/Microsoft%20VS%20Code/resources/app/out/vs/workbench/api/node/extensionHostProcess.js:116:41228)
	at cA.executeCommand (file:///c:/Users/yasha/AppData/Local/Programs/Microsoft%20VS%20Code/resources/app/out/vs/workbench/api/node/extensionHostProcess.js:116:40732)
	at Object.executeCommand (file:///c:/Users/yasha/AppData/Local/Programs/Microsoft%20VS%20Code/resources/app/out/vs/workbench/api/node/extensionHostProcess.js:212:102269)
	at closeEntirePythagoraExtension (c:\Users\yasha\.vscode\extensions\pythagoratechnologies.pythagora-vs-code-2.6.19\out\extension.js:542:31)
	at Object.deactivate (c:\Users\yasha\.vscode\extensions\pythagoratechnologies.pythagora-vs-code-2.6.19\out\extension.js:409:15)
	at HX.eb (file:///c:/Users/yasha/AppData/Local/Programs/Microsoft%20VS%20Code/resources/app/out/vs/workbench/api/node/extensionHostProcess.js:120:11850)
	at file:///c:/Users/yasha/AppData/Local/Programs/Microsoft%20VS%20Code/resources/app/out/vs/workbench/api/node/extensionHostProcess.js:120:10000
	at Array.map (<anonymous>)
	at HX.$ (file:///c:/Users/yasha/AppData/Local/Programs/Microsoft%20VS%20Code/resources/app/out/vs/workbench/api/node/extensionHostProcess.js:120:9988)
	at HX.terminate (file:///c:/Users/yasha/AppData/Local/Programs/Microsoft%20VS%20Code/resources/app/out/vs/workbench/api/node/extensionHostProcess.js:120:10231)
	at yN.terminate (file:///c:/Users/yasha/AppData/Local/Programs/Microsoft%20VS%20Code/resources/app/out/vs/workbench/api/node/extensionHostProcess.js:122:914)
	at Us (file:///c:/Users/yasha/AppData/Local/Programs/Microsoft%20VS%20Code/resources/app/out/vs/workbench/api/node/extensionHostProcess.js:404:11129)
	at MessagePortMain.<anonymous> (file:///c:/Users/yasha/AppData/Local/Programs/Microsoft%20VS%20Code/resources/app/out/vs/workbench/api/node/extensionHostProcess.js:404:7604)
	at MessagePortMain.emit (node:events:519:28)
	at MessagePortMain._internalPort.emit (node:electron/js2c/utility_init:2:2949)
	at Object.callbackTrampoline (node:internal/async_hooks:130:17)
Extra context: {
  "message": "Canceled"
}
